device=mps
vocab size: 61
generating data…
  train: 32000  val: 3000  test: 6000
  train depth dist: {1: 15750, 2: 12592, 3: 3658}
  test  depth dist: {1: 1967, 2: 1676, 3: 1050, 4: 709, 5: 598}

=== seed 0: vanilla ===
/Users/jwalinshah/projects/tensor/exp37_tl_inductive_bias.py:286: UserWarning: enable_nested_tensor is True, but self.use_nested_tensor is False because encoder_layer.norm_first was True
  self.encoder = nn.TransformerEncoder(layer, num_layers=n_layer)
  [Vani seed=100] params=858,112
  [Vani seed=100] epoch 1/6  ce=1.793  tl=0.000  (53.7s)
  [Vani seed=100] epoch 2/6  ce=1.453  tl=0.000  (53.2s)
  [Vani seed=100] epoch 3/6  ce=1.407  tl=0.000  (50.0s)
  [Vani seed=100] epoch 4/6  ce=1.375  tl=0.000  (50.5s)
  [Vani seed=100] epoch 5/6  ce=1.344  tl=0.000  (50.0s)
  [Vani seed=100] epoch 6/6  ce=1.310  tl=0.000  (54.6s)

=== seed 0: +TL ===
/Users/jwalinshah/projects/tensor/exp37_tl_inductive_bias.py:286: UserWarning: enable_nested_tensor is True, but self.use_nested_tensor is False because encoder_layer.norm_first was True
  self.encoder = nn.TransformerEncoder(layer, num_layers=n_layer)
  [+TL  seed=100] params=858,112
  [+TL  seed=100] epoch 1/6  ce=1.834  tl=0.256  (52.9s)
  [+TL  seed=100] epoch 2/6  ce=1.469  tl=0.222  (52.5s)
  [+TL  seed=100] epoch 3/6  ce=1.420  tl=0.206  (52.3s)
  [+TL  seed=100] epoch 4/6  ce=1.392  tl=0.181  (52.2s)
  [+TL  seed=100] epoch 5/6  ce=1.369  tl=0.153  (58.2s)
  [+TL  seed=100] epoch 6/6  ce=1.346  tl=0.129  (58.9s)

=== seed 1: vanilla ===
  [Vani seed=101] params=858,112
  [Vani seed=101] epoch 1/6  ce=1.788  tl=0.000  (56.3s)
  [Vani seed=101] epoch 2/6  ce=1.459  tl=0.000  (54.3s)
  [Vani seed=101] epoch 3/6  ce=1.412  tl=0.000  (53.2s)
  [Vani seed=101] epoch 4/6  ce=1.380  tl=0.000  (54.5s)
  [Vani seed=101] epoch 5/6  ce=1.350  tl=0.000  (55.4s)
  [Vani seed=101] epoch 6/6  ce=1.317  tl=0.000  (55.9s)

=== seed 1: +TL ===
  [+TL  seed=101] params=858,112
  [+TL  seed=101] epoch 1/6  ce=1.828  tl=0.257  (83.8s)
  [+TL  seed=101] epoch 2/6  ce=1.474  tl=0.225  (56.0s)
  [+TL  seed=101] epoch 3/6  ce=1.426  tl=0.207  (55.3s)
  [+TL  seed=101] epoch 4/6  ce=1.398  tl=0.168  (53.5s)
  [+TL  seed=101] epoch 5/6  ce=1.376  tl=0.144  (52.5s)
  [+TL  seed=101] epoch 6/6  ce=1.356  tl=0.129  (55.9s)

=== seed 2: vanilla ===
  [Vani seed=102] params=858,112
  [Vani seed=102] epoch 1/6  ce=1.773  tl=0.000  (57.2s)
  [Vani seed=102] epoch 2/6  ce=1.446  tl=0.000  (56.9s)
  [Vani seed=102] epoch 3/6  ce=1.401  tl=0.000  (61.0s)
  [Vani seed=102] epoch 4/6  ce=1.372  tl=0.000  (56.2s)
  [Vani seed=102] epoch 5/6  ce=1.342  tl=0.000  (58.8s)
  [Vani seed=102] epoch 6/6  ce=1.309  tl=0.000  (66.8s)

=== seed 2: +TL ===
  [+TL  seed=102] params=858,112
  [+TL  seed=102] epoch 1/6  ce=1.820  tl=0.258  (70.8s)
  [+TL  seed=102] epoch 2/6  ce=1.468  tl=0.225  (77.4s)
  [+TL  seed=102] epoch 3/6  ce=1.421  tl=0.209  (81.6s)
  [+TL  seed=102] epoch 4/6  ce=1.395  tl=0.171  (80.0s)
  [+TL  seed=102] epoch 5/6  ce=1.374  tl=0.147  (75.1s)
  [+TL  seed=102] epoch 6/6  ce=1.353  tl=0.129  (65.2s)

=========== summary (test set, mean over seeds) ===========
  shallow (1-2)  vanilla=0.614  ['0.671', '0.534', '0.637']   +TL=0.606  ['0.671', '0.550', '0.597']   delta=-0.008
  deep (3-5)     vanilla=0.328  ['0.239', '0.454', '0.290']   +TL=0.337  ['0.244', '0.434', '0.332']   delta=+0.009
