device=mps  N=16  p=0.12  steps=1000  seeds=3
real graph: padded/cropped to 16, closure density=0.105
  n_train=20   TL  seed=0 loss=0.0278  ID=0.997  real=1.000  ood_sp=1.000  ood_de=0.999  TL(α=4.21, β=6.75, γ=-3.91)
  n_train=20   TL  seed=1 loss=0.0255  ID=0.994  real=1.000  ood_sp=1.000  ood_de=0.997  TL(α=4.22, β=6.89, γ=-3.97)
  n_train=20   TL  seed=2 loss=0.0252  ID=0.999  real=1.000  ood_sp=1.000  ood_de=0.999  TL(α=4.44, β=6.94, γ=-4.01)
  n_train=20   MLP seed=0 loss=0.0000  ID=0.241  real=0.091  ood_sp=0.159  ood_de=0.191
  n_train=20   MLP seed=1 loss=0.0000  ID=0.173  real=0.216  ood_sp=0.211  ood_de=0.132
  n_train=20   MLP seed=2 loss=0.0000  ID=0.144  real=0.125  ood_sp=0.161  ood_de=0.094
  n_train=100  TL  seed=0 loss=0.0256  ID=0.998  real=1.000  ood_sp=1.000  ood_de=0.999  TL(α=4.30, β=6.89, γ=-3.98)
  n_train=100  TL  seed=1 loss=0.0267  ID=0.997  real=1.000  ood_sp=1.000  ood_de=0.999  TL(α=4.36, β=6.87, γ=-3.96)
  n_train=100  TL  seed=2 loss=0.0268  ID=0.999  real=1.000  ood_sp=0.999  ood_de=0.998  TL(α=4.30, β=6.90, γ=-3.98)
  n_train=100  MLP seed=0 loss=0.0001  ID=0.358  real=0.333  ood_sp=0.310  ood_de=0.309
  n_train=100  MLP seed=1 loss=0.0002  ID=0.375  real=0.261  ood_sp=0.318  ood_de=0.341
  n_train=100  MLP seed=2 loss=0.0001  ID=0.329  real=0.321  ood_sp=0.358  ood_de=0.334
  n_train=500  TL  seed=0 loss=0.0279  ID=0.999  real=1.000  ood_sp=1.000  ood_de=0.998  TL(α=4.37, β=6.90, γ=-3.98)
  n_train=500  TL  seed=1 loss=0.0254  ID=1.000  real=1.000  ood_sp=1.000  ood_de=0.999  TL(α=4.38, β=6.92, γ=-3.99)
  n_train=500  TL  seed=2 loss=0.0276  ID=0.999  real=1.000  ood_sp=1.000  ood_de=1.000  TL(α=4.40, β=6.91, γ=-3.98)
  n_train=500  MLP seed=0 loss=0.0707  ID=0.500  real=0.409  ood_sp=0.343  ood_de=0.628
  n_train=500  MLP seed=1 loss=0.0755  ID=0.503  real=0.333  ood_sp=0.375  ood_de=0.606
  n_train=500  MLP seed=2 loss=0.0728  ID=0.519  real=0.409  ood_sp=0.368  ood_de=0.605

=== summary (mean F1 over 3 seeds) ===
n_train   model params    in_dist       real          ood_sparse    ood_dense     
20        TL    3         0.997±0.003  1.000±0.000  1.000±0.000  0.998±0.001  
20        MLP   37248     0.186±0.050  0.144±0.065  0.177±0.029  0.139±0.049  
100       TL    3         0.998±0.001  1.000±0.000  1.000±0.001  0.999±0.001  
100       MLP   37248     0.354±0.023  0.305±0.039  0.329±0.026  0.328±0.017  
500       TL    3         0.999±0.000  1.000±0.000  1.000±0.000  0.999±0.001  
500       MLP   37248     0.508±0.010  0.384±0.044  0.362±0.017  0.613±0.013  
