device=mps  N=16  p=0.3  n_train=500  steps=1000  seeds=3
  densities: sd_eq_1=0.141  sd_eq_2=0.106  sd_geq_2=0.133  sd_geq_3=0.028
  seed=0  sd_eq_1    TL_OR    F1=0.141  (α=2.12, β=2.29, γ=-3.01)
  seed=0  sd_eq_1    TL_LIN   F1=1.000  (α=0.02, β=2.05, γ=-0.52)
  seed=0  sd_eq_1    MLP      F1=0.597
  seed=0  sd_eq_2    TL_OR    F1=0.434  (α=2.64, β=3.25, γ=-3.43)
  seed=0  sd_eq_2    TL_LIN   F1=0.283  (α=0.30, β=1.17, γ=-0.26)
  seed=0  sd_eq_2    MLP      F1=0.466
  seed=0  sd_geq_2   TL_OR    F1=0.597  (α=3.33, β=3.65, γ=-3.46)
  seed=0  sd_geq_2   TL_LIN   F1=0.368  (α=0.34, β=1.11, γ=-0.22)
  seed=0  sd_geq_2   MLP      F1=0.602
  seed=0  sd_geq_3   TL_OR    F1=0.000  (α=2.54, β=2.11, γ=-3.96)
  seed=0  sd_geq_3   TL_LIN   F1=0.000  (α=-0.00, β=1.01, γ=-0.87)
  seed=0  sd_geq_3   MLP      F1=0.161
  seed=1  sd_eq_1    TL_OR    F1=0.143  (α=2.13, β=2.29, γ=-3.01)
  seed=1  sd_eq_1    TL_LIN   F1=1.000  (α=0.02, β=2.05, γ=-0.52)
  seed=1  sd_eq_1    MLP      F1=0.545
  seed=1  sd_eq_2    TL_OR    F1=0.442  (α=2.67, β=3.25, γ=-3.43)
  seed=1  sd_eq_2    TL_LIN   F1=0.316  (α=0.31, β=1.19, γ=-0.26)
  seed=1  sd_eq_2    MLP      F1=0.465
  seed=1  sd_geq_2   TL_OR    F1=0.621  (α=3.42, β=3.76, γ=-3.49)
  seed=1  sd_geq_2   TL_LIN   F1=0.334  (α=0.32, β=1.09, γ=-0.22)
  seed=1  sd_geq_2   MLP      F1=0.564
  seed=1  sd_geq_3   TL_OR    F1=0.010  (α=2.57, β=2.11, γ=-3.95)
  seed=1  sd_geq_3   TL_LIN   F1=0.000  (α=-0.00, β=1.01, γ=-0.87)
  seed=1  sd_geq_3   MLP      F1=0.143
  seed=2  sd_eq_1    TL_OR    F1=0.118  (α=2.13, β=2.27, γ=-3.00)
  seed=2  sd_eq_1    TL_LIN   F1=1.000  (α=0.02, β=2.05, γ=-0.52)
  seed=2  sd_eq_1    MLP      F1=0.581
  seed=2  sd_eq_2    TL_OR    F1=0.398  (α=2.67, β=3.22, γ=-3.43)
  seed=2  sd_eq_2    TL_LIN   F1=0.251  (α=0.29, β=1.16, γ=-0.26)
  seed=2  sd_eq_2    MLP      F1=0.470
  seed=2  sd_geq_2   TL_OR    F1=0.574  (α=3.37, β=3.63, γ=-3.47)
  seed=2  sd_geq_2   TL_LIN   F1=0.329  (α=0.32, β=1.09, γ=-0.22)
  seed=2  sd_geq_2   MLP      F1=0.608
  seed=2  sd_geq_3   TL_OR    F1=0.010  (α=2.55, β=2.11, γ=-3.97)
  seed=2  sd_geq_3   TL_LIN   F1=0.000  (α=0.01, β=1.02, γ=-0.87)
  seed=2  sd_geq_3   MLP      F1=0.229

=== summary (mean ± std over 3 seeds) ===
task        model     F1                    
sd_eq_1     TL_OR     0.134±0.014
sd_eq_1     TL_LIN    1.000±0.000
sd_eq_1     MLP       0.574±0.027
sd_eq_2     TL_OR     0.425±0.024
sd_eq_2     TL_LIN    0.283±0.033
sd_eq_2     MLP       0.467±0.003
sd_geq_2    TL_OR     0.598±0.023
sd_geq_2    TL_LIN    0.344±0.021
sd_geq_2    MLP       0.591±0.024
sd_geq_3    TL_OR     0.007±0.006
sd_geq_3    TL_LIN    0.000±0.000
sd_geq_3    MLP       0.177±0.045
