device=mps  N=16  p=0.3  n_train=500  steps=1000  seeds=3
  closure density=0.274  multipath2 density=0.133  parity density=0.253
  seed=0  closure     TL_OR    F1=0.999  (α=3.98, β=6.38, γ=-3.74)
  seed=0  closure     TL_LIN   F1=0.999  (α=1.76, β=3.56, γ=-0.08)
  seed=0  closure     MLP      F1=0.816
  seed=0  multipath2  TL_OR    F1=0.934  (α=3.63, β=4.12, γ=-3.79)
  seed=0  multipath2  TL_LIN   F1=0.762  (α=0.48, β=1.43, γ=-0.22)
  seed=0  multipath2  MLP      F1=0.717
  seed=0  parity      TL_OR    F1=0.277  (α=1.73, β=1.87, γ=-2.39)
  seed=0  parity      TL_LIN   F1=0.527  (α=0.04, β=1.29, γ=-0.24)
  seed=0  parity      MLP      F1=0.639
  seed=1  closure     TL_OR    F1=0.999  (α=3.99, β=6.40, γ=-3.75)
  seed=1  closure     TL_LIN   F1=0.998  (α=1.64, β=3.52, γ=-0.09)
  seed=1  closure     MLP      F1=0.808
  seed=1  multipath2  TL_OR    F1=0.934  (α=3.62, β=4.11, γ=-3.78)
  seed=1  multipath2  TL_LIN   F1=0.743  (α=0.48, β=1.43, γ=-0.22)
  seed=1  multipath2  MLP      F1=0.720
  seed=1  parity      TL_OR    F1=0.276  (α=1.68, β=2.02, γ=-2.39)
  seed=1  parity      TL_LIN   F1=0.509  (α=0.04, β=1.28, γ=-0.23)
  seed=1  parity      MLP      F1=0.629
  seed=2  closure     TL_OR    F1=0.997  (α=3.97, β=6.39, γ=-3.74)
  seed=2  closure     TL_LIN   F1=0.999  (α=1.72, β=3.51, γ=-0.08)
  seed=2  closure     MLP      F1=0.808
  seed=2  multipath2  TL_OR    F1=0.934  (α=3.61, β=4.13, γ=-3.79)
  seed=2  multipath2  TL_LIN   F1=0.734  (α=0.47, β=1.43, γ=-0.22)
  seed=2  multipath2  MLP      F1=0.705
  seed=2  parity      TL_OR    F1=0.217  (α=1.81, β=1.75, γ=-2.41)
  seed=2  parity      TL_LIN   F1=0.511  (α=0.03, β=1.28, γ=-0.24)
  seed=2  parity      MLP      F1=0.637

=== summary (mean ± std over 3 seeds) ===
task          model     F1                    
closure       TL_OR     0.998±0.001
closure       TL_LIN    0.999±0.001
closure       MLP       0.810±0.004
multipath2    TL_OR     0.934±0.001
multipath2    TL_LIN    0.746±0.014
multipath2    MLP       0.714±0.008
parity        TL_OR     0.256±0.034
parity        TL_LIN    0.516±0.010
parity        MLP       0.635±0.005
