device=mps  N=16  p=0.12  steps=1000  seeds=3
real graph closure density=0.109
  n_train=20   TL3 seed=0  ID=0.997 real=1.000 ood_sp=1.000 ood_de=0.999  α=4.21 β=6.75 γ=-3.91
  n_train=20   TL3 seed=1  ID=0.994 real=1.000 ood_sp=1.000 ood_de=0.997  α=4.22 β=6.89 γ=-3.97
  n_train=20   TL3 seed=2  ID=0.999 real=1.000 ood_sp=1.000 ood_de=0.999  α=4.44 β=6.94 γ=-4.01
  n_train=20   TL4 seed=0  ID=0.997 real=1.000 ood_sp=1.000 ood_de=0.999  α=4.22 β=6.76 γ_X=0.14 δ=-3.91
  n_train=20   TL4 seed=1  ID=0.994 real=1.000 ood_sp=1.000 ood_de=0.997  α=4.23 β=6.90 γ_X=0.19 δ=-3.98
  n_train=20   TL4 seed=2  ID=0.999 real=1.000 ood_sp=1.000 ood_de=0.999  α=4.44 β=6.94 γ_X=0.29 δ=-4.02
  n_train=100  TL3 seed=0  ID=0.998 real=1.000 ood_sp=1.000 ood_de=0.999  α=4.30 β=6.89 γ=-3.98
  n_train=100  TL3 seed=1  ID=0.997 real=1.000 ood_sp=1.000 ood_de=0.999  α=4.36 β=6.87 γ=-3.96
  n_train=100  TL3 seed=2  ID=0.999 real=1.000 ood_sp=0.999 ood_de=0.998  α=4.30 β=6.90 γ=-3.98
  n_train=100  TL4 seed=0  ID=1.000 real=1.000 ood_sp=1.000 ood_de=0.999  α=4.31 β=6.90 γ_X=0.21 δ=-3.98
  n_train=100  TL4 seed=1  ID=0.997 real=1.000 ood_sp=1.000 ood_de=0.999  α=4.36 β=6.87 γ_X=0.21 δ=-3.97
  n_train=100  TL4 seed=2  ID=1.000 real=1.000 ood_sp=0.999 ood_de=0.998  α=4.30 β=6.91 γ_X=0.22 δ=-3.99
  n_train=500  TL3 seed=0  ID=0.999 real=1.000 ood_sp=1.000 ood_de=0.998  α=4.37 β=6.90 γ=-3.98
  n_train=500  TL3 seed=1  ID=1.000 real=1.000 ood_sp=1.000 ood_de=0.999  α=4.38 β=6.92 γ=-3.99
  n_train=500  TL3 seed=2  ID=0.999 real=1.000 ood_sp=1.000 ood_de=1.000  α=4.40 β=6.91 γ=-3.98
  n_train=500  TL4 seed=0  ID=0.999 real=1.000 ood_sp=1.000 ood_de=0.998  α=4.38 β=6.91 γ_X=0.24 δ=-3.99
  n_train=500  TL4 seed=1  ID=1.000 real=1.000 ood_sp=1.000 ood_de=0.999  α=4.38 β=6.93 γ_X=0.24 δ=-4.00
  n_train=500  TL4 seed=2  ID=0.999 real=1.000 ood_sp=1.000 ood_de=1.000  α=4.41 β=6.92 γ_X=0.24 δ=-3.99

=== summary (mean ± std over 3 seeds) ===
n_train model in_dist       real          ood_sparse    ood_dense     γ_X       
20      TL3   0.997±0.003  1.000±0.000  1.000±0.000  0.998±0.001  
20      TL4   0.997±0.003  1.000±0.000  1.000±0.000  0.998±0.001  +0.21±0.08
100     TL3   0.998±0.001  1.000±0.000  1.000±0.001  0.999±0.001  
100     TL4   0.999±0.002  1.000±0.000  1.000±0.001  0.999±0.001  +0.21±0.01
500     TL3   0.999±0.000  1.000±0.000  1.000±0.000  0.999±0.001  
500     TL4   0.999±0.000  1.000±0.000  1.000±0.000  0.999±0.001  +0.24±0.00
