device=mps  N=16  p=0.3  steps=1000  seeds=3
act(x) = (1 - cos(π·x))/2  →  integer x → x mod 2
  seed=0  frozen_ideal    F1=0.075  (α=1.00, β=0.00, γ=0.00)
  seed=0  train_ideal     F1=0.075  (α=1.00, β=0.00, γ=0.00)
  seed=0  train_closure   F1=0.327  (α=5.05, β=5.04, γ=-2.24)
  seed=0 r=0 train_rand     F1=0.388  init=(+3.08,-0.59,-4.36) → (α=2.75,β=-0.12,γ=-4.24)
  seed=0 r=1 train_rand     F1=0.637  init=(+1.32,+0.53,+0.12) → (α=0.74,β=0.75,γ=0.08)
  seed=0 r=2 train_rand     F1=0.308  init=(+0.78,-0.45,-0.64) → (α=0.66,β=-0.45,γ=-0.86)
  seed=1  frozen_ideal    F1=0.088  (α=1.00, β=0.00, γ=0.00)
  seed=1  train_ideal     F1=0.088  (α=1.00, β=0.00, γ=0.00)
  seed=1  train_closure   F1=0.403  (α=5.25, β=5.22, γ=-2.85)
  seed=1 r=0 train_rand     F1=0.384  init=(+0.72,-0.57,-0.79) → (α=1.05,β=-1.13,γ=-1.16)
  seed=1 r=1 train_rand     F1=0.565  init=(-2.78,-1.63,-0.64) → (α=-2.60,β=-1.69,γ=-0.68)
  seed=1 r=2 train_rand     F1=0.348  init=(+1.98,+0.67,+2.30) → (α=1.66,β=0.70,γ=2.23)
  seed=2  frozen_ideal    F1=0.070  (α=1.00, β=0.00, γ=0.00)
  seed=2  train_ideal     F1=0.070  (α=1.00, β=0.00, γ=0.00)
  seed=2  train_closure   F1=0.328  (α=4.78, β=5.00, γ=-2.45)
  seed=2 r=0 train_rand     F1=0.495  init=(+0.03,-5.27,-0.87) → (α=0.09,β=-5.26,γ=-0.89)
  seed=2 r=1 train_rand     F1=0.508  init=(-0.49,+2.90,-1.44) → (α=-0.20,β=3.07,γ=-1.17)
  seed=2 r=2 train_rand     F1=0.322  init=(+1.60,+3.11,-1.63) → (α=1.53,β=2.23,γ=-1.67)

=== summary ===
config            F1                    
frozen_ideal      0.078±0.010   (n=3)
train_ideal       0.078±0.010   (n=3)
train_closure     0.353±0.044   (n=3)
train_rand        0.439±0.116   (n=9)

Reference (from exp45/exp48):
  TL_OR  (sigmoid, 3-param)  parity F1 ≈ 0.26
  TL_OR4 (sigmoid + cross-term, 4-param)  parity F1 ≈ 0.69
