=== Phase 3d: multi-seed sweep — TL vs MLP world models ===
  Seeds: [0, 1, 2], MLP hiddens: [64, 128, 256]
  Epochs: 30, batch: 64, lr: 0.005

--- seed=0 ---
  TL              P@2=90.61%  in-occ=98.88%  (11.2s)
  MLP h=64       P@2=95.55%  in-occ=100.00%  (2.5s)
  MLP h=128      P@2=96.34%  in-occ=90.78%  (2.6s)
  MLP h=256      P@2=96.31%  in-occ=97.67%  (3.2s)

--- seed=1 ---
  TL              P@2=91.83%  in-occ=99.16%  (10.3s)
  MLP h=64       P@2=95.23%  in-occ=100.00%  (2.5s)
  MLP h=128      P@2=96.28%  in-occ=100.00%  (2.6s)
  MLP h=256      P@2=98.06%  in-occ=95.90%  (3.2s)

--- seed=2 ---
  TL              P@2=91.18%  in-occ=97.88%  (10.3s)
  MLP h=64       P@2=96.30%  in-occ=99.28%  (2.5s)
  MLP h=128      P@2=95.74%  in-occ=96.49%  (2.6s)
  MLP h=256      P@2=97.63%  in-occ=96.82%  (3.1s)

Total wall time: 59.1s

=== Aggregated results (mean ± std across seeds) ===
  model           params                 P@2       in-occ recall
  TL              16,384   91.20% ± 0.61     98.64% ± 0.67
  MLP h=64         8,576   95.69% ± 0.55     99.76% ± 0.42
  MLP h=128       17,088   96.12% ± 0.33     95.75% ± 4.65
  MLP h=256       34,112   97.34% ± 0.91     96.80% ± 0.89

=== Per-seed details ===
  TL           | s0: P@2=90.61% in-occ=98.88% | s1: P@2=91.83% in-occ=99.16% | s2: P@2=91.18% in-occ=97.88%
  MLP h=64     | s0: P@2=95.55% in-occ=100.00% | s1: P@2=95.23% in-occ=100.00% | s2: P@2=96.30% in-occ=99.28%
  MLP h=128    | s0: P@2=96.34% in-occ=90.78% | s1: P@2=96.28% in-occ=100.00% | s2: P@2=95.74% in-occ=96.49%
  MLP h=256    | s0: P@2=96.31% in-occ=97.67% | s1: P@2=98.06% in-occ=95.90% | s2: P@2=97.63% in-occ=96.82%

=== Decision rule check ===
  TL mean in-occ recall:  98.64%
  vs MLP h=64  mean= 99.76%  gap=-1.12pp  → MLP wins
  vs MLP h=128 mean= 95.75%  gap=+2.89pp  → TL wins
  vs MLP h=256 mean= 96.80%  gap=+1.84pp  → TL wins
