=== Phase 3c: MLP world model with SSM-style belief tensor ===
  Occluder: rows 3-5, cols 3-5
  Trajectory length: 20, n_objects: 2, collision: True
  Phase 3a (no memory):    P@2 = 87.27%, in-occ-recall = 67.55%
  Phase 3b (TL + memory):  P@2 = 99.16%, in-occ-recall = 99.13%

Collecting trajectories...
  train: 2000 eps, val: 400 eps (0.8s)

Training (params: 17,088, vs TL: 16,384)
  epoch  1  train_loss=0.00672  val_loss=0.00439  P@2=87.77%  in-occ-recall=100.00% (n=2147)
  epoch  3  train_loss=0.00407  val_loss=0.00387  P@2=90.84%  in-occ-recall=100.00% (n=2147)
  epoch  6  train_loss=0.00282  val_loss=0.00277  P@2=92.99%  in-occ-recall=100.00% (n=2147)
  epoch  9  train_loss=0.00212  val_loss=0.00207  P@2=94.73%  in-occ-recall=100.00% (n=2147)
  epoch 12  train_loss=0.00165  val_loss=0.00167  P@2=95.60%  in-occ-recall=100.00% (n=2147)
  epoch 15  train_loss=0.00146  val_loss=0.00164  P@2=95.77%  in-occ-recall=100.00% (n=2147)
  epoch 18  train_loss=0.00143  val_loss=0.00157  P@2=95.82%  in-occ-recall=97.35% (n=2147)
  epoch 21  train_loss=0.00142  val_loss=0.00167  P@2=96.14%  in-occ-recall=98.32% (n=2147)
  epoch 24  train_loss=0.00130  val_loss=0.00149  P@2=96.22%  in-occ-recall=95.76% (n=2147)
  epoch 27  train_loss=0.00120  val_loss=0.00148  P@2=96.30%  in-occ-recall=93.20% (n=2147)
  epoch 30  train_loss=0.00121  val_loss=0.00146  P@2=96.34%  in-occ-recall=90.78% (n=2147)

=== Final eval ===
  Precision@2:    96.34%   (3a: 87.27% | 3b: 99.16%)
  In-occluder recall:  90.78%   (3a: 67.55% | 3b: 99.13%)
  N hidden cases:      2147

=== Per-step accuracy across the trajectory ===
    t      P@2    in-occ
    1   92.75%   100.00%
    2   93.88%    93.86%
    3   94.13%    88.79%
    5   96.63%    88.29%
   10   96.50%    87.74%
   15   97.00%    90.53%
   20   97.50%    92.63%
