=== Phase 3b: TL world model with SSM-style belief tensor ===
  Occluder: rows 3-5, cols 3-5
  Trajectory length: 20, n_objects: 2, collision: True
  Phase 3a baseline: P@2 = 87.27%, in-occluder recall = 67.55%

Collecting trajectories...
  train: 2000 eps, val: 400 eps (0.9s)

Training (params: 16,384)
  epoch  1  train_loss=0.00756  val_loss=0.00736  P@2=87.65%  in-occ-recall=70.84% (n=2147)
  epoch  3  train_loss=0.00728  val_loss=0.00709  P@2=89.81%  in-occ-recall=95.34% (n=2147)
  epoch  6  train_loss=0.00696  val_loss=0.00686  P@2=90.87%  in-occ-recall=97.76% (n=2147)
  epoch  9  train_loss=0.00687  val_loss=0.00666  P@2=91.06%  in-occ-recall=98.42% (n=2147)
  epoch 12  train_loss=0.00668  val_loss=0.00660  P@2=91.19%  in-occ-recall=98.56% (n=2147)
  epoch 15  train_loss=0.00657  val_loss=0.00636  P@2=91.37%  in-occ-recall=98.84% (n=2147)
  epoch 18  train_loss=0.00637  val_loss=0.00633  P@2=91.27%  in-occ-recall=98.65% (n=2147)
  epoch 21  train_loss=0.00616  val_loss=0.00621  P@2=90.87%  in-occ-recall=98.70% (n=2147)
  epoch 24  train_loss=0.00624  val_loss=0.00605  P@2=90.68%  in-occ-recall=98.79% (n=2147)
  epoch 27  train_loss=0.00601  val_loss=0.00600  P@2=90.64%  in-occ-recall=98.84% (n=2147)
  epoch 30  train_loss=0.00585  val_loss=0.00583  P@2=90.63%  in-occ-recall=98.84% (n=2147)

=== Final eval ===
  Precision@2:    90.63%   (phase 3a: 87.27%)
  In-occluder recall:  98.84%   (phase 3a: 67.55%)
  N hidden cases:      2147

=== Per-step accuracy across the trajectory ===
    t      P@2    in-occ
    1   91.62%    95.04%
    2   89.63%   100.00%
    3   90.25%    97.20%
    5   90.62%    99.10%
   10   89.13%    99.06%
   15   90.50%    98.95%
   20   91.87%    97.89%
