=== Phase 7: Multi-task planning with learned dynamics ===
  World: 8×8, 1 object, 4 actions, no collision, no occluder
  Tasks: ['goto_TL', 'goto_TR', 'goto_BL', 'goto_BR']
  Data sizes: [50, 200, 2000], Seeds: [0, 1, 2]
  Planning: H=10, K=50 samples, max_steps=15
  Episodes per (model, task, seed): 30

--- seed=0 ---
  n=  50  TL          trained (0.8s)  evaled (2.2s)
  n=  50  MLP h=64    trained (0.3s)  evaled (0.6s)
  n=  50  MLP h=128   trained (0.3s)  evaled (0.6s)
  n= 200  TL          trained (0.5s)  evaled (2.0s)
  n= 200  MLP h=64    trained (0.3s)  evaled (0.5s)
  n= 200  MLP h=128   trained (0.3s)  evaled (0.5s)
  n=2000  TL          trained (0.5s)  evaled (1.9s)
  n=2000  MLP h=64    trained (0.3s)  evaled (0.5s)
  n=2000  MLP h=128   trained (0.3s)  evaled (0.5s)

--- seed=1 ---
  n=  50  TL          trained (0.4s)  evaled (1.9s)
  n=  50  MLP h=64    trained (0.3s)  evaled (0.6s)
  n=  50  MLP h=128   trained (0.3s)  evaled (0.6s)
  n= 200  TL          trained (0.5s)  evaled (1.9s)
  n= 200  MLP h=64    trained (0.3s)  evaled (0.5s)
  n= 200  MLP h=128   trained (0.3s)  evaled (0.5s)
  n=2000  TL          trained (0.5s)  evaled (1.9s)
  n=2000  MLP h=64    trained (0.3s)  evaled (0.5s)
  n=2000  MLP h=128   trained (0.3s)  evaled (0.5s)

--- seed=2 ---
  n=  50  TL          trained (0.4s)  evaled (1.8s)
  n=  50  MLP h=64    trained (0.3s)  evaled (0.5s)
  n=  50  MLP h=128   trained (0.3s)  evaled (0.6s)
  n= 200  TL          trained (0.5s)  evaled (1.9s)
  n= 200  MLP h=64    trained (0.3s)  evaled (0.6s)
  n= 200  MLP h=128   trained (0.3s)  evaled (0.5s)
  n=2000  TL          trained (0.5s)  evaled (1.9s)
  n=2000  MLP h=64    trained (0.3s)  evaled (0.5s)
  n=2000  MLP h=128   trained (0.3s)  evaled (0.5s)

Total wall time: 37.7s

=== Success rate per task (mean across seeds) ===

  Task: goto_TL
    model        |      n=50      |     n=200      |     n=2000    
    TL           |   8.9±  6.9 |   8.9±  6.9 |   8.9±  5.1
    MLP h=64     |  62.2± 12.6 |  44.4± 13.5 |  47.8±  6.9
    MLP h=128    |  52.2±  6.9 |  55.6±  8.4 |  67.8± 10.2

  Task: goto_TR
    model        |      n=50      |     n=200      |     n=2000    
    TL           |   7.8±  8.4 |   5.6±  5.1 |   5.6±  5.1
    MLP h=64     |  58.9± 18.4 |  58.9± 21.4 |  71.1± 17.1
    MLP h=128    |  52.2± 12.6 |  73.3±  6.7 |  70.0± 15.3

  Task: goto_BL
    model        |      n=50      |     n=200      |     n=2000    
    TL           |  11.1±  8.4 |  11.1±  7.7 |  10.0±  3.3
    MLP h=64     |  41.1± 16.8 |  52.2± 30.2 |  54.4±  6.9
    MLP h=128    |  47.8± 13.5 |  73.3± 15.3 |  73.3±  3.3

  Task: goto_BR
    model        |      n=50      |     n=200      |     n=2000    
    TL           |  14.4±  5.1 |  13.3±  3.3 |  13.3±  3.3
    MLP h=64     |  60.0± 11.5 |  56.7± 10.0 |  66.7±  3.3
    MLP h=128    |  58.9±  8.4 |  72.2± 11.7 |  80.0±  8.8

=== Aggregated success rate (mean across tasks AND seeds) ===
  model        |      n=50      |     n=200      |     n=2000    
  TL           |  10.6±  4.7 |   9.7±  3.8 |   9.4±  0.5
  MLP h=64     |  55.6±  7.3 |  53.1±  8.4 |  60.0±  4.4
  MLP h=128    |  52.8±  1.7 |  68.6±  2.9 |  72.8±  4.8

=== Avg steps to success (lower = more efficient planning) ===
  model        |      n=50      |     n=200      |     n=2000    
  TL           |  1.26± 0.80 |  1.32± 1.09 |  1.17± 0.68
  MLP h=64     |  7.24± 1.41 |  6.84± 1.45 |  7.47± 1.28
  MLP h=128    |  7.32± 0.89 |  7.48± 0.92 |  7.68± 1.12

=== Decision rule: TL vs MLP h=64 aggregated success rate ===
  n=  50  TL= 10.6%  MLP h=64= 55.6%  gap=-45.0pp  → MLP wins
  n= 200  TL=  9.7%  MLP h=64= 53.1%  gap=-43.3pp  → MLP wins
  n=2000  TL=  9.4%  MLP h=64= 60.0%  gap=-50.6pp  → MLP wins
